<?xml version="1.0" encoding="UTF-8"?>
<!-- Generated by org.testng.reporters.JUnitReportReporter -->
<testsuite hostname="LAPTOP-O1J2K2PM" failures="0" tests="11" name="agibank.com.br.ValidacaoAlteracaoPosts" time="9.236" errors="0" timestamp="2020-01-26T22:10:09 BRST" skipped="0">
  <testcase classname="agibank.com.br.ValidacaoAlteracaoPosts" name="validaPut" time="0.572"/>
  <testcase classname="agibank.com.br.ValidacaoAlteracaoPosts" name="validaPostsExcecao" time="3.400"/>
  <testcase classname="agibank.com.br.ValidacaoAlteracaoPosts" name="validaPut" time="0.885"/>
  <testcase classname="agibank.com.br.ValidacaoAlteracaoPosts" name="validaPut" time="0.556"/>
  <testcase classname="agibank.com.br.ValidacaoAlteracaoPosts" name="validaPut" time="0.534"/>
  <testcase classname="agibank.com.br.ValidacaoAlteracaoPosts" name="validaPut" time="0.546"/>
  <testcase classname="agibank.com.br.ValidacaoAlteracaoPosts" name="validaPut" time="0.540"/>
  <testcase classname="agibank.com.br.ValidacaoAlteracaoPosts" name="validaPut" time="0.570"/>
  <testcase classname="agibank.com.br.ValidacaoAlteracaoPosts" name="validaPut" time="0.523"/>
  <testcase classname="agibank.com.br.ValidacaoAlteracaoPosts" name="validaPut" time="0.547"/>
  <testcase classname="agibank.com.br.ValidacaoAlteracaoPosts" name="validaPut" time="0.563"/>
</testsuite> <!-- agibank.com.br.ValidacaoAlteracaoPosts -->
