<?xml version="1.0" encoding="UTF-8"?>
<!-- Generated by org.testng.reporters.JUnitReportReporter -->
<testsuite hostname="LAPTOP-O1J2K2PM" failures="0" tests="11" name="agibank.com.br.ValidacaoPosts_POST" time="6.743" errors="0" timestamp="2020-01-22T22:49:25 BRST" skipped="0">
  <testcase classname="agibank.com.br.ValidacaoPosts_POST" name="validaPostsExcecao" time="0.677"/>
  <testcase classname="agibank.com.br.ValidacaoPosts_POST" name="validaPosts" time="0.539"/>
  <testcase classname="agibank.com.br.ValidacaoPosts_POST" name="validaPosts" time="0.632"/>
  <testcase classname="agibank.com.br.ValidacaoPosts_POST" name="validaPosts" time="0.551"/>
  <testcase classname="agibank.com.br.ValidacaoPosts_POST" name="validaPosts" time="0.506"/>
  <testcase classname="agibank.com.br.ValidacaoPosts_POST" name="validaPosts" time="0.602"/>
  <testcase classname="agibank.com.br.ValidacaoPosts_POST" name="validaPosts" time="0.527"/>
  <testcase classname="agibank.com.br.ValidacaoPosts_POST" name="validaPosts" time="0.603"/>
  <testcase classname="agibank.com.br.ValidacaoPosts_POST" name="validaPosts" time="0.819"/>
  <testcase classname="agibank.com.br.ValidacaoPosts_POST" name="validaPosts" time="0.503"/>
  <testcase classname="agibank.com.br.ValidacaoPosts_POST" name="validaPosts" time="0.784"/>
</testsuite> <!-- agibank.com.br.ValidacaoPosts_POST -->
