<?xml version="1.0" encoding="UTF-8"?>
<!-- Generated by org.testng.reporters.JUnitReportReporter -->
<testsuite hostname="LAPTOP-O1J2K2PM" failures="0" tests="12" name="agibank.com.br.ValidacaoUsuario_GET" time="5.085" errors="0" timestamp="2020-01-22T22:49:25 BRST" skipped="0">
  <testcase classname="agibank.com.br.ValidacaoUsuario_GET" name="validaUsuarios" time="0.421"/>
  <testcase classname="agibank.com.br.ValidacaoUsuario_GET" name="validaUsuarios" time="0.408"/>
  <testcase classname="agibank.com.br.ValidacaoUsuario_GET" name="validaUsuarios" time="0.401"/>
  <testcase classname="agibank.com.br.ValidacaoUsuario_GET" name="validaUsuarios" time="0.423"/>
  <testcase classname="agibank.com.br.ValidacaoUsuario_GET" name="validaUsuarios" time="0.454"/>
  <testcase classname="agibank.com.br.ValidacaoUsuario_GET" name="validaUsuarios" time="0.427"/>
  <testcase classname="agibank.com.br.ValidacaoUsuario_GET" name="validaUsuarios" time="0.422"/>
  <testcase classname="agibank.com.br.ValidacaoUsuario_GET" name="validaUsuarios" time="0.458"/>
  <testcase classname="agibank.com.br.ValidacaoUsuario_GET" name="validaUsuarios" time="0.409"/>
  <testcase classname="agibank.com.br.ValidacaoUsuario_GET" name="validaListaException" time="0.428"/>
  <testcase classname="agibank.com.br.ValidacaoUsuario_GET" name="validaUsuarioIdInteiro" time="0.423"/>
  <testcase classname="agibank.com.br.ValidacaoUsuario_GET" name="validaUsuarios" time="0.411"/>
</testsuite> <!-- agibank.com.br.ValidacaoUsuario_GET -->
