<?xml version="1.0" encoding="UTF-8"?>
<!-- Generated by org.testng.reporters.JUnitReportReporter -->
<testsuite hostname="LAPTOP-O1J2K2PM" failures="0" tests="13" name="agibank.com.br.ValidacaoConsultaUsuario" time="7.010" errors="0" timestamp="2020-01-26T22:10:09 BRST" skipped="0">
  <testcase classname="agibank.com.br.ValidacaoConsultaUsuario" name="validaUsuarios" time="0.423"/>
  <testcase classname="agibank.com.br.ValidacaoConsultaUsuario" name="validaUsuarios" time="0.554"/>
  <testcase classname="agibank.com.br.ValidacaoConsultaUsuario" name="validaUsuarios" time="0.547"/>
  <testcase classname="agibank.com.br.ValidacaoConsultaUsuario" name="validaListaException" time="0.593"/>
  <testcase classname="agibank.com.br.ValidacaoConsultaUsuario" name="validaUsuarios" time="0.548"/>
  <testcase classname="agibank.com.br.ValidacaoConsultaUsuario" name="validaBuscaUsuarioInexistente" time="0.623"/>
  <testcase classname="agibank.com.br.ValidacaoConsultaUsuario" name="validaUsuarios" time="0.627"/>
  <testcase classname="agibank.com.br.ValidacaoConsultaUsuario" name="validaUsuarioIdInteiro" time="0.532"/>
  <testcase classname="agibank.com.br.ValidacaoConsultaUsuario" name="validaUsuarios" time="0.593"/>
  <testcase classname="agibank.com.br.ValidacaoConsultaUsuario" name="validaUsuarios" time="0.439"/>
  <testcase classname="agibank.com.br.ValidacaoConsultaUsuario" name="validaUsuarios" time="0.562"/>
  <testcase classname="agibank.com.br.ValidacaoConsultaUsuario" name="validaUsuarios" time="0.532"/>
  <testcase classname="agibank.com.br.ValidacaoConsultaUsuario" name="validaUsuarios" time="0.437"/>
</testsuite> <!-- agibank.com.br.ValidacaoConsultaUsuario -->
