<?xml version="1.0" encoding="UTF-8"?>
<!-- Generated by org.testng.reporters.JUnitReportReporter -->
<testsuite hostname="LAPTOP-O1J2K2PM" failures="0" tests="10" name="agibank.com.br.ValidacaoRemocaoPosts" time="5.997" errors="0" timestamp="2020-01-26T22:10:09 BRST" skipped="0">
  <testcase classname="agibank.com.br.ValidacaoRemocaoPosts" name="validaExcluirPosts" time="0.699"/>
  <testcase classname="agibank.com.br.ValidacaoRemocaoPosts" name="validaExcluirPosts" time="0.584"/>
  <testcase classname="agibank.com.br.ValidacaoRemocaoPosts" name="validaExcluirPosts" time="0.654"/>
  <testcase classname="agibank.com.br.ValidacaoRemocaoPosts" name="validaExcluirPosts" time="0.571"/>
  <testcase classname="agibank.com.br.ValidacaoRemocaoPosts" name="validaExcluirPosts" time="0.543"/>
  <testcase classname="agibank.com.br.ValidacaoRemocaoPosts" name="validaExcluirPosts" time="0.640"/>
  <testcase classname="agibank.com.br.ValidacaoRemocaoPosts" name="validaExcluirPosts" time="0.623"/>
  <testcase classname="agibank.com.br.ValidacaoRemocaoPosts" name="validaExcluirPosts" time="0.539"/>
  <testcase classname="agibank.com.br.ValidacaoRemocaoPosts" name="validaExcluirPosts" time="0.597"/>
  <testcase classname="agibank.com.br.ValidacaoRemocaoPosts" name="validaExcluirPosts" time="0.547"/>
</testsuite> <!-- agibank.com.br.ValidacaoRemocaoPosts -->
