<?xml version="1.0" encoding="UTF-8"?>
<!-- Generated by org.testng.reporters.JUnitReportReporter -->
<testsuite hostname="LAPTOP-O1J2K2PM" failures="0" tests="10" name="agibank.com.br.ValidacaoPosts_DELETE" time="7.585" errors="0" timestamp="2020-01-22T22:49:25 BRST" skipped="0">
  <testcase classname="agibank.com.br.ValidacaoPosts_DELETE" name="validaExcluirPosts" time="1.991"/>
  <testcase classname="agibank.com.br.ValidacaoPosts_DELETE" name="validaExcluirPosts" time="0.579"/>
  <testcase classname="agibank.com.br.ValidacaoPosts_DELETE" name="validaExcluirPosts" time="0.643"/>
  <testcase classname="agibank.com.br.ValidacaoPosts_DELETE" name="validaExcluirPosts" time="0.707"/>
  <testcase classname="agibank.com.br.ValidacaoPosts_DELETE" name="validaExcluirPosts" time="0.552"/>
  <testcase classname="agibank.com.br.ValidacaoPosts_DELETE" name="validaExcluirPosts" time="0.618"/>
  <testcase classname="agibank.com.br.ValidacaoPosts_DELETE" name="validaExcluirPosts" time="0.640"/>
  <testcase classname="agibank.com.br.ValidacaoPosts_DELETE" name="validaExcluirPosts" time="0.581"/>
  <testcase classname="agibank.com.br.ValidacaoPosts_DELETE" name="validaExcluirPosts" time="0.706"/>
  <testcase classname="agibank.com.br.ValidacaoPosts_DELETE" name="validaExcluirPosts" time="0.568"/>
</testsuite> <!-- agibank.com.br.ValidacaoPosts_DELETE -->
