<?xml version="1.0" encoding="UTF-8"?>
<!-- Generated by org.testng.reporters.JUnitReportReporter -->
<testsuite hostname="LAPTOP-O1J2K2PM" failures="0" tests="10" name="agibank.com.br.ValidacaoInsercaoPosts" time="6.004" errors="0" timestamp="2020-01-26T22:10:09 BRST" skipped="0">
  <testcase classname="agibank.com.br.ValidacaoInsercaoPosts" name="validaPosts" time="0.626"/>
  <testcase classname="agibank.com.br.ValidacaoInsercaoPosts" name="validaPosts" time="0.546"/>
  <testcase classname="agibank.com.br.ValidacaoInsercaoPosts" name="validaPosts" time="0.932"/>
  <testcase classname="agibank.com.br.ValidacaoInsercaoPosts" name="validaPosts" time="0.577"/>
  <testcase classname="agibank.com.br.ValidacaoInsercaoPosts" name="validaPosts" time="0.516"/>
  <testcase classname="agibank.com.br.ValidacaoInsercaoPosts" name="validaPosts" time="0.562"/>
  <testcase classname="agibank.com.br.ValidacaoInsercaoPosts" name="validaPosts" time="0.562"/>
  <testcase classname="agibank.com.br.ValidacaoInsercaoPosts" name="validaPosts" time="0.533"/>
  <testcase classname="agibank.com.br.ValidacaoInsercaoPosts" name="validaPosts" time="0.587"/>
  <testcase classname="agibank.com.br.ValidacaoInsercaoPosts" name="validaPosts" time="0.563"/>
</testsuite> <!-- agibank.com.br.ValidacaoInsercaoPosts -->
