<?xml version="1.0" encoding="UTF-8"?>
<!-- Generated by org.testng.reporters.JUnitReportReporter -->
<testsuite hostname="LAPTOP-O1J2K2PM" failures="0" tests="11" name="agibank.com.br.ValidacaoPosts_PUT" time="6.947" errors="0" timestamp="2020-01-22T22:49:25 BRST" skipped="0">
  <testcase classname="agibank.com.br.ValidacaoPosts_PUT" name="validaPut" time="0.785"/>
  <testcase classname="agibank.com.br.ValidacaoPosts_PUT" name="validaPut" time="0.544"/>
  <testcase classname="agibank.com.br.ValidacaoPosts_PUT" name="validaPut" time="0.567"/>
  <testcase classname="agibank.com.br.ValidacaoPosts_PUT" name="validaPut" time="0.739"/>
  <testcase classname="agibank.com.br.ValidacaoPosts_PUT" name="validaPostsExcecao" time="0.429"/>
  <testcase classname="agibank.com.br.ValidacaoPosts_PUT" name="validaPut" time="0.597"/>
  <testcase classname="agibank.com.br.ValidacaoPosts_PUT" name="validaPut" time="0.663"/>
  <testcase classname="agibank.com.br.ValidacaoPosts_PUT" name="validaPut" time="0.608"/>
  <testcase classname="agibank.com.br.ValidacaoPosts_PUT" name="validaPut" time="0.595"/>
  <testcase classname="agibank.com.br.ValidacaoPosts_PUT" name="validaPut" time="0.657"/>
  <testcase classname="agibank.com.br.ValidacaoPosts_PUT" name="validaPut" time="0.763"/>
</testsuite> <!-- agibank.com.br.ValidacaoPosts_PUT -->
